<?xml version="1.0" encoding="UTF-8"?>
<Site BuildName="Darwin-clang++"
	BuildStamp="20260112-1914-Experimental"
	Name="pierces-mbp.lan"
	Generator="ctest-3.29.2"
	CompilerName="/usr/bin/clang++"
	CompilerVersion="16.0.0.16000026"
	OSName="macOS"
	Hostname="pierces-mbp.lan"
	OSRelease="14.6.1"
	OSVersion="23G93"
	OSPlatform="arm64"
	Is64Bits="1"
	VendorString="IBM"
	VendorID="IBM"
	FamilyID="16777228"
	ModelID="2"
	ProcessorCacheSize="131072"
	NumberOfLogicalCPU="10"
	NumberOfPhysicalCPU="10"
	TotalVirtualMemory="2048"
	TotalPhysicalMemory="16384"
	LogicalProcessorsPerPhysical="10"
	ProcessorClockFrequency="0"
	>
	<Testing>
		<StartDateTime>Jan 12 12:19 MST</StartDateTime>
		<StartTestTime>1768245589</StartTestTime>
		<TestList/>
		<EndDateTime>Jan 12 12:19 MST</EndDateTime>
		<EndTestTime>1768245589</EndTestTime>
		<ElapsedMinutes>0</ElapsedMinutes>
	</Testing>
</Site>
